C:\USERS\FENG\DOCUMENTS\VISUAL STUDIO 2012\PROJECTS\MFCCALMD5HASH\MFCCALMD5HASH\RELEASE\MFCCALMD5HASH.PCH
C:\USERS\FENG\DOCUMENTS\VISUAL STUDIO 2012\PROJECTS\MFCCALMD5HASH\MFCCALMD5HASH\RELEASE\STDAFX.OBJ
C:\USERS\FENG\DOCUMENTS\VISUAL STUDIO 2012\PROJECTS\MFCCALMD5HASH\MFCCALMD5HASH\RELEASE\VC110.PDB
C:\USERS\FENG\DOCUMENTS\VISUAL STUDIO 2012\PROJECTS\MFCCALMD5HASH\MFCCALMD5HASH\RELEASE\MFCCALMD5HASHDLG.OBJ
C:\USERS\FENG\DOCUMENTS\VISUAL STUDIO 2012\PROJECTS\MFCCALMD5HASH\MFCCALMD5HASH\RELEASE\MFCCALMD5HASH.OBJ
C:\USERS\FENG\DOCUMENTS\VISUAL STUDIO 2012\PROJECTS\MFCCALMD5HASH\RELEASE\MFCCALMD5HASH.EXE
C:\USERS\FENG\DOCUMENTS\VISUAL STUDIO 2012\PROJECTS\MFCCALMD5HASH\RELEASE\MFCCALMD5HASH.PDB
C:\USERS\FENG\DOCUMENTS\VISUAL STUDIO 2012\PROJECTS\MFCCALMD5HASH\MFCCALMD5HASH\RELEASE\MFCCALMD5HASH.RES
C:\Users\DELL\Documents\Visual Studio 2012\Projects\MFCcalMD5HASH\MFCcalMD5HASH\Release\MFCcalMD5HASH.obj
C:\Users\DELL\Documents\Visual Studio 2012\Projects\MFCcalMD5HASH\MFCcalMD5HASH\Release\MFCcalMD5HASHDlg.obj
C:\Users\DELL\Documents\Visual Studio 2012\Projects\MFCcalMD5HASH\MFCcalMD5HASH\Release\stdafx.obj
C:\Users\DELL\Documents\Visual Studio 2012\Projects\MFCcalMD5HASH\MFCcalMD5HASH\Release\cl.command.1.tlog
C:\Users\DELL\Documents\Visual Studio 2012\Projects\MFCcalMD5HASH\MFCcalMD5HASH\Release\CL.read.1.tlog
C:\Users\DELL\Documents\Visual Studio 2012\Projects\MFCcalMD5HASH\MFCcalMD5HASH\Release\CL.write.1.tlog
C:\Users\DELL\Documents\Visual Studio 2012\Projects\MFCcalMD5HASH\MFCcalMD5HASH\Release\link-cvtres.read.1.tlog
C:\Users\DELL\Documents\Visual Studio 2012\Projects\MFCcalMD5HASH\MFCcalMD5HASH\Release\link-cvtres.write.1.tlog
C:\Users\DELL\Documents\Visual Studio 2012\Projects\MFCcalMD5HASH\MFCcalMD5HASH\Release\link-mt.read.1.tlog
C:\Users\DELL\Documents\Visual Studio 2012\Projects\MFCcalMD5HASH\MFCcalMD5HASH\Release\link-mt.write.1.tlog
C:\Users\DELL\Documents\Visual Studio 2012\Projects\MFCcalMD5HASH\MFCcalMD5HASH\Release\link-rc.read.1.tlog
C:\Users\DELL\Documents\Visual Studio 2012\Projects\MFCcalMD5HASH\MFCcalMD5HASH\Release\link-rc.write.1.tlog
C:\Users\DELL\Documents\Visual Studio 2012\Projects\MFCcalMD5HASH\MFCcalMD5HASH\Release\link.command.1.tlog
C:\Users\DELL\Documents\Visual Studio 2012\Projects\MFCcalMD5HASH\MFCcalMD5HASH\Release\link.read.1.tlog
C:\Users\DELL\Documents\Visual Studio 2012\Projects\MFCcalMD5HASH\MFCcalMD5HASH\Release\link.write.1.tlog
C:\Users\DELL\Documents\Visual Studio 2012\Projects\MFCcalMD5HASH\MFCcalMD5HASH\Release\rc.command.1.tlog
C:\Users\DELL\Documents\Visual Studio 2012\Projects\MFCcalMD5HASH\MFCcalMD5HASH\Release\rc.read.1.tlog
C:\Users\DELL\Documents\Visual Studio 2012\Projects\MFCcalMD5HASH\MFCcalMD5HASH\Release\rc.write.1.tlog
C:\Users\DELL\Documents\Visual Studio 2012\Projects\MFCcalMD5HASH\MFCcalMD5HASH\Release\MFCcalMD5HASH.res
C:\Users\DELL\Documents\Visual Studio 2012\Projects\MFCcalMD5HASH\MFCcalMD5HASH\Release\MFCcalMD5HASH.pch
C:\Users\DELL\Documents\Visual Studio 2012\Projects\MFCcalMD5HASH\MFCcalMD5HASH\Release\vc110.pdb
C:\Users\DELL\Documents\Visual Studio 2012\Projects\MFCcalMD5HASH\Release\MFCcalMD5HASH.pdb
C:\Users\DELL\Documents\Visual Studio 2012\Projects\MFCcalMD5HASH\Release\MFCcalMD5HASH.exe
